<?xml version="1.0" encoding="UTF-8"?>
<!-- Generated by org.testng.reporters.JUnitReportReporter -->
<testsuite name="datadriven.FacebookExample" tests="1" time="7.271" ignored="0" failures="0" timestamp="01 Mar 2017 19:49:30 GMT" skipped="0" hostname="DESKTOP-O809NUD" errors="0">
  <testcase name="Facebook" time="7.271" classname="datadriven.FacebookExample"/>
</testsuite> <!-- datadriven.FacebookExample -->
