<?xml version="1.0" encoding="UTF-8"?>
<!-- Generated by org.testng.reporters.JUnitReportReporter -->
<testsuite name="framework.PriorityAnnotation" tests="4" time="13.240" ignored="0" failures="0" timestamp="01 Mar 2017 20:13:14 GMT" skipped="0" hostname="DESKTOP-O809NUD" errors="0">
  <testcase name="invokeBrowser" time="0.004" classname="framework.PriorityAnnotation"/>
  <testcase name="cardPayment" time="0.015" classname="framework.PriorityAnnotation"/>
  <testcase name="payment" time="0.000" classname="framework.PriorityAnnotation"/>
  <testcase name="flightBooking" time="13.221" classname="framework.PriorityAnnotation"/>
</testsuite> <!-- framework.PriorityAnnotation -->
