<?xml version="1.0" encoding="UTF-8"?>
<!-- Generated by org.testng.reporters.JUnitReportReporter -->
<testsuite hostname="DESKTOP-O809NUD" name="Banking.AppTest" tests="1" failures="0" timestamp="13 Mar 2017 17:39:36 GMT" time="0.009" errors="0">
  <testcase name="testApp" time="0.009" classname="Banking.AppTest"/>
</testsuite> <!-- Banking.AppTest -->
